Feb 09, 2020 6:21:10 PM com.github.yadsendew.ComNetAnalyse main
INFO: Program has started running...
Feb 09, 2020 6:21:10 PM com.github.yadsendew.ComNetAnalyse main
INFO: Parsing graph from input file
Feb 09, 2020 6:21:23 PM com.github.yadsendew.ComNetAnalyse main
INFO: Program has started running...
Feb 09, 2020 6:21:23 PM com.github.yadsendew.ComNetAnalyse main
INFO: Parsing graph from input file
Feb 09, 2020 6:21:42 PM com.github.yadsendew.ComNetAnalyse main
INFO: Program has started running...
Feb 09, 2020 6:21:42 PM com.github.yadsendew.ComNetAnalyse main
INFO: Parsing graph from input file
Feb 09, 2020 6:23:13 PM com.github.yadsendew.ComNetAnalyse main
INFO: ************************************************************
***************Program has started running...***************

Feb 09, 2020 6:23:13 PM com.github.yadsendew.ComNetAnalyse main
INFO: Parsing graph from input file
Feb 09, 2020 6:24:53 PM com.github.yadsendew.ComNetAnalyse main
INFO: 
***************Program has started running...***************

Feb 09, 2020 6:24:53 PM com.github.yadsendew.ComNetAnalyse main
INFO: Parsing graph from input file
Feb 09, 2020 6:25:45 PM com.github.yadsendew.ComNetAnalyse main
INFO: 

***************Program has started running...***************

Feb 09, 2020 6:25:45 PM com.github.yadsendew.ComNetAnalyse main
INFO: Parsing graph from input file
Feb 09, 2020 6:27:23 PM com.github.yadsendew.ComNetAnalyse main
INFO: 

***************Program has started running...***************

Feb 09, 2020 6:27:23 PM com.github.yadsendew.ComNetAnalyse main
INFO: Parsing graph from input file
Feb 09, 2020 6:29:56 PM com.github.yadsendew.ComNetAnalyse main
INFO: 

***************Program has started running...***************

Feb 09, 2020 6:29:56 PM com.github.yadsendew.ComNetAnalyse main
INFO: Parsing graph from input file
Feb 09, 2020 6:30:11 PM com.github.yadsendew.ComNetAnalyse main
INFO: 

***************Program has started running...***************

Feb 09, 2020 6:30:11 PM com.github.yadsendew.ComNetAnalyse main
INFO: Parsing graph from input file
Feb 09, 2020 6:31:05 PM com.github.yadsendew.ComNetAnalyse main
INFO: 

***************Program has started running...***************

Feb 09, 2020 6:31:05 PM com.github.yadsendew.Arguments analyse
WARNING: Arguments inputted is invalid. Program has terminated.

Feb 09, 2020 6:33:40 PM com.github.yadsendew.ComNetAnalyse main
INFO: 

***************Program has started running...***************

Feb 09, 2020 6:34:52 PM com.github.yadsendew.ComNetAnalyse main
INFO: 

***************Program has started running...***************

Feb 09, 2020 6:34:52 PM com.github.yadsendew.Arguments analyse
WARNING: Input arguments is invalid. Program has terminated.
Feb 09, 2020 6:40:38 PM com.github.yadsendew.ComNetAnalyse main
INFO: 

***************Program has started running...***************

Feb 09, 2020 6:40:38 PM com.github.yadsendew.Arguments analyse
INFO: Analysing arguments from user
Feb 09, 2020 6:40:38 PM com.github.yadsendew.Arguments checkEmptyArg
WARNING: There were no commandline arguments passed!
Program has terminated
Feb 09, 2020 6:48:53 PM com.github.yadsendew.ComNetAnalyse main
INFO: 

***************Program has started running...***************

Feb 09, 2020 6:48:53 PM com.github.yadsendew.Arguments analyse
INFO: Initialized "Arguments" class
Feb 09, 2020 6:48:53 PM com.github.yadsendew.Arguments analyse
INFO: Checking empty argument...
Feb 09, 2020 6:48:53 PM com.github.yadsendew.Arguments checkEmptyArg
WARNING: There were no commandline arguments passed!
Program has terminated
Feb 09, 2020 6:49:55 PM com.github.yadsendew.ComNetAnalyse main
INFO: 

***************Program has started running...***************

Feb 09, 2020 6:49:55 PM com.github.yadsendew.Arguments analyse
INFO: Initialized "Arguments" class
Feb 09, 2020 6:49:55 PM com.github.yadsendew.Arguments analyse
INFO: Checking empty argument...
Feb 09, 2020 6:49:55 PM com.github.yadsendew.Arguments analyse
INFO: No empty argument passed.
Feb 09, 2020 6:49:55 PM com.github.yadsendew.Arguments analyse
INFO: Check if the input file existence
Feb 09, 2020 6:52:49 PM com.github.yadsendew.ComNetAnalyse main
INFO: 

***************Program has started running...***************

Feb 09, 2020 6:52:49 PM com.github.yadsendew.Arguments analyse
INFO: Initialized "Arguments" class
Feb 09, 2020 6:52:49 PM com.github.yadsendew.Arguments analyse
INFO: Checking empty argument...
Feb 09, 2020 6:52:49 PM com.github.yadsendew.Arguments analyse
INFO: No empty argument passed.
Feb 09, 2020 6:52:49 PM com.github.yadsendew.Arguments analyse
INFO: Check the input file existence
Feb 09, 2020 6:52:49 PM com.github.yadsendew.Arguments checkFileExistance
WARNING: The input file does not exist. 
Please make sure it is located at: "/Users/steven/Github/CommunicationNetworkAnalysis/resources/" folder.
Feb 09, 2020 6:52:49 PM com.github.yadsendew.Arguments checkFileExistance
INFO: Program has terminated.
Feb 09, 2020 6:53:16 PM com.github.yadsendew.ComNetAnalyse main
INFO: 

***************Program has started running...***************

Feb 09, 2020 6:53:16 PM com.github.yadsendew.Arguments analyse
INFO: Initialized "Arguments" class
Feb 09, 2020 6:53:17 PM com.github.yadsendew.Arguments analyse
INFO: Checking empty argument...
Feb 09, 2020 6:53:17 PM com.github.yadsendew.Arguments analyse
INFO: No empty argument passed.
Feb 09, 2020 6:53:17 PM com.github.yadsendew.Arguments analyse
INFO: Check the input file existence
Feb 09, 2020 6:53:17 PM com.github.yadsendew.Arguments analyse
INFO: Parsing next arguments...
Feb 09, 2020 6:53:17 PM com.github.yadsendew.Arguments analyse
WARNING: Input arguments is invalid. Program has terminated.
Feb 09, 2020 6:54:29 PM com.github.yadsendew.ComNetAnalyse main
INFO: 

***************Program has started running...***************

Feb 09, 2020 6:54:29 PM com.github.yadsendew.Arguments analyse
INFO: Initialized "Arguments" class
Feb 09, 2020 6:54:29 PM com.github.yadsendew.Arguments analyse
INFO: Checking empty argument...
Feb 09, 2020 6:54:29 PM com.github.yadsendew.Arguments analyse
INFO: No empty argument passed.
Feb 09, 2020 6:54:29 PM com.github.yadsendew.Arguments analyse
INFO: Check the input file existence
Feb 09, 2020 6:54:29 PM com.github.yadsendew.Arguments checkFileExistance
INFO: Input file check existence: OK
Feb 09, 2020 6:54:29 PM com.github.yadsendew.Arguments analyse
INFO: Parsing next arguments...
Feb 09, 2020 6:54:29 PM com.github.yadsendew.Arguments analyse
WARNING: Input arguments is invalid. Program has terminated.
Feb 09, 2020 6:55:14 PM com.github.yadsendew.ComNetAnalyse main
INFO: 

***************Program has started running...***************

Feb 09, 2020 6:55:14 PM com.github.yadsendew.Arguments analyse
INFO: Initialized "Arguments" class
Feb 09, 2020 6:55:14 PM com.github.yadsendew.Arguments analyse
INFO: Checking empty argument...
Feb 09, 2020 6:55:14 PM com.github.yadsendew.Arguments analyse
INFO: No empty argument passed.
Feb 09, 2020 6:55:14 PM com.github.yadsendew.Arguments checkFileExistance
INFO: Input file check existence: OK
Feb 09, 2020 6:55:14 PM com.github.yadsendew.Arguments analyse
INFO: Parsing next arguments...
Feb 09, 2020 6:55:14 PM com.github.yadsendew.Arguments analyse
WARNING: Input arguments is invalid. Program has terminated.
Feb 09, 2020 7:31:14 PM com.github.yadsendew.MyLogger info
INFO: 

***************Program has started running...***************

Feb 09, 2020 7:31:14 PM com.github.yadsendew.Arguments analyse
INFO: Initialized "Arguments" class
Feb 09, 2020 7:31:14 PM com.github.yadsendew.Arguments analyse
INFO: Checking empty argument...
Feb 09, 2020 7:31:14 PM com.github.yadsendew.Arguments analyse
INFO: No empty argument passed.
Feb 09, 2020 7:31:14 PM com.github.yadsendew.Arguments checkFileExistance
INFO: Input file check existence: OK
Feb 09, 2020 7:31:14 PM com.github.yadsendew.Arguments analyse
INFO: Parsing next arguments...
Feb 09, 2020 7:31:14 PM com.github.yadsendew.Arguments analyse
WARNING: Input arguments is invalid. Program has terminated.
Feb 09, 2020 7:31:35 PM com.github.yadsendew.MyLogger info
INFO: 

***************Program has started running...***************

Feb 09, 2020 7:31:35 PM com.github.yadsendew.Arguments analyse
INFO: Initialized "Arguments" class
Feb 09, 2020 7:31:35 PM com.github.yadsendew.Arguments analyse
INFO: Checking empty argument...
Feb 09, 2020 7:31:35 PM com.github.yadsendew.Arguments analyse
INFO: No empty argument passed.
Feb 09, 2020 7:31:35 PM com.github.yadsendew.Arguments checkFileExistance
WARNING: The input file does not exist. 
Please make sure it is located at: "/Users/steven/Github/CommunicationNetworkAnalysis/resources/" folder.
Feb 09, 2020 7:31:35 PM com.github.yadsendew.Arguments checkFileExistance
INFO: Program has terminated.
